<?xml version="1.0" encoding="UTF-8"?>
<!-- Generated by org.testng.reporters.JUnitReportReporter -->
<testsuite skipped="0" hostname="CDC2-D-CJ6SXJ2" name="com.tests.NewTest" tests="3" failures="0" timestamp="11 Jul 2019 10:00:36 GMT" time="0.023" errors="0">
  <testcase name="f" time="0.017" classname="com.tests.NewTest"/>
  <testcase name="f" time="0.002" classname="com.tests.NewTest"/>
  <testcase name="f" time="0.004" classname="com.tests.NewTest"/>
</testsuite> <!-- com.tests.NewTest -->
