<?xml version="1.0" encoding="UTF-8"?>
<!-- Generated by org.testng.reporters.JUnitReportReporter -->
<testsuite skipped="1" hostname="CDC2-D-CJ6SXJ2" name="com.tests.Samantha" tests="3" failures="0" timestamp="11 Jul 2019 07:12:18 GMT" time="0.019" errors="0">
  <testcase name="testGoogle" time="0.013" classname="com.tests.Samantha"/>
  <testcase name="testTwitter" time="0.006" classname="com.tests.Samantha"/>
  <testcase name="testFacebook" classname="com.tests.Samantha">
    <skipped/>
  </testcase> <!-- testFacebook -->
</testsuite> <!-- com.tests.Samantha -->
