<?xml version="1.0" encoding="UTF-8"?>
<!-- Generated by org.testng.reporters.JUnitReportReporter -->
<testsuite skipped="0" hostname="CDC2-D-CJ6SXJ2" name="com.tests.NewTest1" tests="1" failures="0" timestamp="11 Jul 2019 05:32:59 GMT" time="0.018" errors="0">
  <testcase name="f" time="0.018" classname="com.tests.NewTest1"/>
</testsuite> <!-- com.tests.NewTest1 -->
